<?xml version="1.0" encoding="UTF-8"?>
<testng-results skipped="0" failed="0" ignored="0" total="1" passed="1">
  <reporter-output>
  </reporter-output>
  <suite name="Default suite" duration-ms="118679" started-at="2019-11-07T01:29:13 IST" finished-at="2019-11-07T01:31:11 IST">
    <groups>
    </groups>
    <test name="Default test" duration-ms="118679" started-at="2019-11-07T01:29:13 IST" finished-at="2019-11-07T01:31:11 IST">
      <class name="com.wow.rewardssite.cases.EnterRegistrationDetails">
        <test-method status="PASS" signature="registration()[pri:0, instance:com.wow.rewardssite.cases.EnterRegistrationDetails@18eed359]" name="registration" duration-ms="118624" started-at="2019-11-07T01:29:13 IST" finished-at="2019-11-07T01:31:11 IST">
          <reporter-output>
          </reporter-output>
        </test-method> <!-- registration -->
      </class> <!-- com.wow.rewardssite.cases.EnterRegistrationDetails -->
    </test> <!-- Default test -->
  </suite> <!-- Default suite -->
</testng-results>
